<?xml version="1.0" encoding="UTF-8"?>
<testng-results ignored="0" total="2" passed="2" failed="0" skipped="0">
  <reporter-output>
  </reporter-output>
  <suite started-at="2022-07-08T10:51:09 CEST" name="abc" finished-at="2022-07-08T10:51:09 CEST" duration-ms="47">
    <groups>
      <group name="fast">
        <method signature="SimpleTest.aFastTest()[pri:0, instance:SimpleTest@1b6e1eff]" name="aFastTest" class="SimpleTest"/>
      </group> <!-- fast -->
      <group name="slow">
        <method signature="SimpleTest.aSlowTest()[pri:0, instance:SimpleTest@1b6e1eff]" name="aSlowTest" class="SimpleTest"/>
      </group> <!-- slow -->
    </groups>
    <test started-at="2022-07-08T10:51:09 CEST" name="bcd" finished-at="2022-07-08T10:51:09 CEST" duration-ms="47">
      <class name="SimpleTest">
        <test-method is-config="true" signature="setUp()[pri:0, instance:SimpleTest@1b6e1eff]" started-at="2022-07-08T10:51:09 CEST" name="setUp" finished-at="2022-07-08T10:51:09 CEST" duration-ms="13" status="PASS">
          <reporter-output>
          </reporter-output>
        </test-method> <!-- setUp -->
        <test-method signature="aFastTest()[pri:0, instance:SimpleTest@1b6e1eff]" started-at="2022-07-08T10:51:09 CEST" name="aFastTest" finished-at="2022-07-08T10:51:09 CEST" duration-ms="1" status="PASS">
          <reporter-output>
          </reporter-output>
        </test-method> <!-- aFastTest -->
        <test-method signature="aSlowTest()[pri:0, instance:SimpleTest@1b6e1eff]" started-at="2022-07-08T10:51:09 CEST" name="aSlowTest" finished-at="2022-07-08T10:51:09 CEST" duration-ms="0" status="PASS">
          <reporter-output>
          </reporter-output>
        </test-method> <!-- aSlowTest -->
      </class> <!-- SimpleTest -->
    </test> <!-- bcd -->
  </suite> <!-- abc -->
</testng-results>
