-------------------------------------------------------------------------------
Test set: TestSuite
-------------------------------------------------------------------------------
Tests run: 3, Failures: 1, Errors: 0, Skipped: 1, Time elapsed: 0.478 s <<< FAILURE! - in TestSuite
logging.LoggingTest.testMethodTwo  Time elapsed: 0.017 s  <<< FAILURE!
java.lang.AssertionError: expected [true] but found [false]
	at logging.LoggingTest.testMethodTwo(LoggingTest.java:13)

