<?xml version="1.0" encoding="UTF-8"?>
<testsuite xmlns:xsi="http://www.w3.org/2001/XMLSchema-instance" xsi:noNamespaceSchemaLocation="https://maven.apache.org/surefire/maven-surefire-plugin/xsd/surefire-test-report-3.0.xsd" version="3.0" name="TestSuite" time="0.431" tests="7" errors="0" skipped="0" failures="0">
  <properties>
[...]
</properties>
  <testcase name="aFastTest" classname="packages.package2.TestClass2b" time="0.002">
    <system-out><![CDATA[test2b
]]></system-out>
    <system-err><![CDATA[SLF4J: Failed to load class "org.slf4j.impl.StaticLoggerBinder".
SLF4J: Defaulting to no-operation (NOP) logger implementation
SLF4J: See http://www.slf4j.org/codes.html#StaticLoggerBinder for further details.
]]></system-err>
  </testcase>
  <testcase name="aFastTest" classname="packages.package2.TestClass2a" time="0">
    <system-out><![CDATA[test2a
]]></system-out>
  </testcase>
  <testcase name="aFastTest" classname="packages.package1.TestClass1b" time="0.001">
    <system-out><![CDATA[test1b
]]></system-out>
  </testcase>
  <testcase name="test1aa" classname="packages.package1.TestClass1a" time="0">
    <system-out><![CDATA[test1aa
]]></system-out>
  </testcase>
  <testcase name="test1ab" classname="packages.package1.TestClass1a" time="0">
    <system-out><![CDATA[test1ab
]]></system-out>
  </testcase>
  <testcase name="test1ac" classname="packages.package1.TestClass1a" time="0">
    <system-out><![CDATA[test1ac
]]></system-out>
  </testcase>
  <testcase name="test1ad" classname="packages.package1.TestClass1a" time="0">
    <system-out><![CDATA[test1ad
]]></system-out>
  </testcase>
</testsuite>