<?xml version="1.0" encoding="UTF-8"?>
<testsuite xmlns:xsi="http://www.w3.org/2001/XMLSchema-instance" xsi:noNamespaceSchemaLocation="https://maven.apache.org/surefire/maven-surefire-plugin/xsd/surefire-test-report-3.0.xsd" version="3.0" name="TestSuite" time="0.478" tests="3" errors="0" skipped="1" failures="1">
  <properties>
[...]
</properties>
  <testcase name="testMethodTwo" classname="logging.LoggingTest" time="0.017">
    <failure message="expected [true] but found [false]" type="java.lang.AssertionError"><![CDATA[java.lang.AssertionError: expected [true] but found [false]
	at logging.LoggingTest.testMethodTwo(LoggingTest.java:13)
]]></failure>
    <system-err><![CDATA[SLF4J: Failed to load class "org.slf4j.impl.StaticLoggerBinder".
SLF4J: Defaulting to no-operation (NOP) logger implementation
SLF4J: See http://www.slf4j.org/codes.html#StaticLoggerBinder for further details.
]]></system-err>
  </testcase>
  <testcase name="testMethodOne" classname="logging.LoggingTest" time="0"/>
  <testcase name="testMethodThree" classname="logging.LoggingTest" time="0">
    <skipped message="Method logging.LoggingTest.testMethodThree() on instance logging.LoggingTest@4ef37659 depends on not successfully finished methods &#10;[logging.LoggingTest.testMethodTwo() on instance logging.LoggingTest@4ef37659]"/>
  </testcase>
</testsuite>