<?xml version="1.0" encoding="UTF-8"?>
<!-- Generated by org.testng.reporters.JUnitXMLReporter -->
<testsuite ignored="0" hostname="henrichs-MacBook-Pro" failures="1" tests="3" name="bcd" time="0.052" errors="0" timestamp="2022-07-08T20:48:37 CEST">
  <testcase classname="logging.LoggingTest" name="testMethodTwo" time="0.014">
    <failure type="java.lang.AssertionError" message="expected [true] but found [false]">
      <![CDATA[java.lang.AssertionError: expected [true] but found [false]
at logging.LoggingTest.testMethodTwo(LoggingTest.java:13)
at java.base/java.util.ArrayList.forEach(ArrayList.java:1541)
... Removed 35 stack frames]]>
    </failure>
  </testcase> <!-- testMethodTwo -->
  <testcase classname="logging.LoggingTest" name="testMethodOne" time="0.0"/>
  <testcase classname="logging.LoggingTest" name="testMethodThree" time="0.0">
    <skipped/>
  </testcase> <!-- testMethodThree -->
</testsuite> <!-- bcd -->
