<?xml version="1.0" encoding="UTF-8"?>
<!-- Generated by org.testng.reporters.JUnitXMLReporter -->
<testsuite ignored="0" hostname="henrichs-MacBook-Pro" failures="0" tests="7" name="Package Test" time="0.049" errors="0" timestamp="2022-07-08T13:44:27 CEST">
  <testcase classname="packages.package2.TestClass2b" name="aFastTest" time="0.004"/>
  <testcase classname="packages.package2.TestClass2a" name="aFastTest" time="0.001"/>
  <testcase classname="packages.package1.TestClass1b" name="aFastTest" time="0.0"/>
  <testcase classname="packages.package1.TestClass1a" name="test1aa" time="0.0"/>
  <testcase classname="packages.package1.TestClass1a" name="test1ab" time="0.001"/>
  <testcase classname="packages.package1.TestClass1a" name="test1ac" time="0.0"/>
  <testcase classname="packages.package1.TestClass1a" name="test1ad" time="0.001"/>
</testsuite> <!-- Package Test -->
