<?xml version="1.0" encoding="UTF-8"?>
<!-- Generated by org.testng.reporters.JUnitXMLReporter -->
<testsuite ignored="0" hostname="henrichs-MacBook-Pro" failures="0" tests="6" name="Test" time="0.045" errors="0" timestamp="2022-07-08T13:40:58 CEST">
  <testcase classname="packages.package1.TestClass1a" name="test1aa" time="0.003"/>
  <testcase classname="packages.package1.TestClass1a" name="test1ab" time="0.0"/>
  <testcase classname="packages.package1.TestClass1a" name="test1ac" time="0.0"/>
  <testcase classname="packages.package1.TestClass1a" name="test1ad" time="0.001"/>
  <testcase classname="packages.additional.TestClass3" name="aFastTest" time="0.0"/>
  <testcase classname="packages.package2.TestClass2a" name="aFastTest" time="0.0"/>
</testsuite> <!-- Test -->
