<?xml version="1.0" encoding="UTF-8"?>
<!-- Generated by org.testng.reporters.JUnitXMLReporter -->
<testsuite ignored="1" hostname="henrichs-MacBook-Pro" failures="0" tests="3" name="Method Test" time="0.043" errors="0" timestamp="2022-07-08T13:10:27 CEST">
  <testcase classname="packages.package1.TestClass1a" name="test1aa" time="0.003"/>
  <testcase classname="packages.package1.TestClass1a" name="test1ab" time="0.0"/>
  <testcase classname="packages.package1.TestClass1a" name="test1ac" time="0.0"/>
  <testcase classname="packages.package1.TestClass1a" name="test1ad" time="0.0">
    <ignored/>
  </testcase> <!-- test1ad -->
</testsuite> <!-- Method Test -->
