<?xml version="1.0" encoding="UTF-8"?>
<!-- Generated by org.testng.reporters.JUnitXMLReporter -->
<testsuite ignored="0" hostname="henrichs-MacBook-Pro" failures="0" tests="3" name="t2" time="0.004" errors="0" timestamp="2022-07-08T14:52:51 CEST">
  <testcase classname="beforeAfters.BeforeAfters2" name="Test1Blue" time="0.0"/>
  <testcase classname="beforeAfters.BeforeAfters2" name="Test1Green" time="0.0"/>
  <testcase classname="beforeAfters.BeforeAfters2" name="Test1Red" time="0.0"/>
</testsuite> <!-- t2 -->
